<?xml version="1.0" encoding="UTF-8"?>
<!-- Generated by org.testng.reporters.JUnitReportReporter -->
<testsuite hostname="DESKTOP-720IL86" failures="0" tests="1" name="ArrayPrograms.ArrayProgramsTest" time="0.020" errors="0" timestamp="2023-08-26T10:04:30 IST" skipped="0">
  <testcase classname="ArrayPrograms.ArrayProgramsTest" name="positionOfEachNoInAnArrayWithoutDuplicatesUsingMap" time="0.020"/>
  <system-out/>
</testsuite> <!-- ArrayPrograms.ArrayProgramsTest -->
