<?xml version="1.0" encoding="UTF-8"?>
<!-- Generated by org.testng.reporters.JUnitReportReporter -->
<testsuite hostname="DESKTOP-E6GEFDQ" failures="0" tests="1" name="NumberSeriesPrograms.primeNoTest" time="0.013" errors="0" timestamp="2023-10-26T12:18:23 IST" skipped="0">
  <testcase classname="NumberSeriesPrograms.primeNoTest" name="removingCharinSequence" time="0.013"/>
  <system-out/>
</testsuite> <!-- NumberSeriesPrograms.primeNoTest -->
