<?xml version="1.0" encoding="UTF-8"?>
<!-- Generated by org.testng.reporters.JUnitReportReporter -->
<testsuite hostname="DESKTOP-E6GEFDQ" failures="0" tests="1" name="StringPrograms.StringProgramsEg" time="0.012" errors="0" timestamp="2023-10-26T12:20:19 IST" skipped="0">
  <testcase classname="StringPrograms.StringProgramsEg" name="addingNumbersInString" time="0.012"/>
  <system-out/>
</testsuite> <!-- StringPrograms.StringProgramsEg -->
