<?xml version="1.0" encoding="UTF-8"?>
<!-- Generated by org.testng.reporters.JUnitReportReporter -->
<testsuite hostname="DESKTOP-720IL86" failures="0" tests="1" name="NumberSeriesPrograms.GivenNoIsPrimeOrNotTest" time="0.016" errors="0" timestamp="2023-09-08T17:52:13 IST" skipped="0">
  <testcase classname="NumberSeriesPrograms.GivenNoIsPrimeOrNotTest" name="primeNo" time="0.016"/>
  <system-out/>
</testsuite> <!-- NumberSeriesPrograms.GivenNoIsPrimeOrNotTest -->
