<?xml version="1.0" encoding="UTF-8"?>
<!-- Generated by org.testng.reporters.JUnitReportReporter -->
<testsuite hostname="DESKTOP-720IL86" failures="0" tests="1" name="NumberSeriesPrograms.factorialTest" time="0.019" errors="0" timestamp="2023-08-29T10:43:23 IST" skipped="0">
  <testcase classname="NumberSeriesPrograms.factorialTest" name="factorial" time="0.019"/>
  <system-out/>
</testsuite> <!-- NumberSeriesPrograms.factorialTest -->
