<?xml version="1.0" encoding="UTF-8"?>
<!-- Generated by org.testng.reporters.JUnitReportReporter -->
<testsuite hostname="DESKTOP-720IL86" failures="0" tests="1" name="PatternPrograms.Patterns" time="0.019" errors="0" timestamp="2023-08-29T23:31:56 IST" skipped="0">
  <testcase classname="PatternPrograms.Patterns" name="pattern20" time="0.019"/>
  <system-out/>
</testsuite> <!-- PatternPrograms.Patterns -->
