<?xml version="1.0" encoding="UTF-8"?>
<!-- Generated by org.testng.reporters.JUnitReportReporter -->
<testsuite hostname="DESKTOP-720IL86" failures="0" tests="1" name="NumberSeriesPrograms.fibonacciTest" time="21.438" errors="0" timestamp="2023-08-29T10:51:07 IST" skipped="0">
  <testcase classname="NumberSeriesPrograms.fibonacciTest" name="fibonacci" time="21.438"/>
  <system-out/>
</testsuite> <!-- NumberSeriesPrograms.fibonacciTest -->
